This file contains any messages produced by compilers while
running configure, to aid debugging if configure makes a mistake.

It was created by configure, which was
generated by GNU Autoconf 2.69.  Invocation command line was

  $ ./configure 

## --------- ##
## Platform. ##
## --------- ##

hostname = gmi-virtual-machine
uname -m = i686
uname -r = 3.5.0-23-generic
uname -s = Linux
uname -v = #35~precise1-Ubuntu SMP Fri Jan 25 17:15:33 UTC 2013

/usr/bin/uname -p = unknown
/bin/uname -X     = unknown

/bin/arch              = unknown
/usr/bin/arch -k       = unknown
/usr/convex/getsysinfo = unknown
/usr/bin/hostinfo      = unknown
/bin/machine           = unknown
/usr/bin/oslevel       = unknown
/bin/universe          = unknown

PATH: /usr/local/sbin
PATH: /usr/local/bin
PATH: /usr/sbin
PATH: /usr/bin
PATH: /sbin
PATH: /bin
PATH: /usr/games
PATH: /home/gmi/root/bin


## ----------- ##
## Core tests. ##
## ----------- ##

configure:2243: checking for a BSD-compatible install
configure:2311: result: /usr/bin/install -c
configure:2322: checking whether build environment is sane
configure:2372: result: yes
configure:2513: checking for a thread-safe mkdir -p
configure:2552: result: /bin/mkdir -p
configure:2565: checking for gawk
configure:2581: found /usr/bin/gawk
configure:2592: result: gawk
configure:2603: checking whether make sets $(MAKE)
configure:2625: result: yes
configure:2707: checking whether to enable maintainer-specific portions of Makefiles
configure:2716: result: no
configure:2778: checking for gcc
configure:2794: found /usr/bin/gcc
configure:2805: result: gcc
configure:3034: checking for C compiler version
configure:3043: gcc --version >&5
gcc (Ubuntu/Linaro 4.6.3-1ubuntu5) 4.6.3
Copyright (C) 2011 Free Software Foundation, Inc.
This is free software; see the source for copying conditions.  There is NO
warranty; not even for MERCHANTABILITY or FITNESS FOR A PARTICULAR PURPOSE.

configure:3054: $? = 0
configure:3043: gcc -v >&5
Using built-in specs.
COLLECT_GCC=gcc
COLLECT_LTO_WRAPPER=/usr/lib/gcc/i686-linux-gnu/4.6/lto-wrapper
Target: i686-linux-gnu
Configured with: ../src/configure -v --with-pkgversion='Ubuntu/Linaro 4.6.3-1ubuntu5' --with-bugurl=file:///usr/share/doc/gcc-4.6/README.Bugs --enable-languages=c,c++,fortran,objc,obj-c++ --prefix=/usr --program-suffix=-4.6 --enable-shared --enable-linker-build-id --with-system-zlib --libexecdir=/usr/lib --without-included-gettext --enable-threads=posix --with-gxx-include-dir=/usr/include/c++/4.6 --libdir=/usr/lib --enable-nls --with-sysroot=/ --enable-clocale=gnu --enable-libstdcxx-debug --enable-libstdcxx-time=yes --enable-gnu-unique-object --enable-plugin --enable-objc-gc --enable-targets=all --disable-werror --with-arch-32=i686 --with-tune=generic --enable-checking=release --build=i686-linux-gnu --host=i686-linux-gnu --target=i686-linux-gnu
Thread model: posix
gcc version 4.6.3 (Ubuntu/Linaro 4.6.3-1ubuntu5) 
configure:3054: $? = 0
configure:3043: gcc -V >&5
gcc: error: unrecognized option '-V'
gcc: fatal error: no input files
compilation terminated.
configure:3054: $? = 4
configure:3043: gcc -qversion >&5
gcc: error: unrecognized option '-qversion'
gcc: fatal error: no input files
compilation terminated.
configure:3054: $? = 4
configure:3074: checking whether the C compiler works
configure:3096: gcc    conftest.c  >&5
configure:3100: $? = 0
configure:3148: result: yes
configure:3151: checking for C compiler default output file name
configure:3153: result: a.out
configure:3159: checking for suffix of executables
configure:3166: gcc -o conftest    conftest.c  >&5
configure:3170: $? = 0
configure:3192: result: 
configure:3214: checking whether we are cross compiling
configure:3222: gcc -o conftest    conftest.c  >&5
configure:3226: $? = 0
configure:3233: ./conftest
configure:3237: $? = 0
configure:3252: result: no
configure:3257: checking for suffix of object files
configure:3279: gcc -c   conftest.c >&5
configure:3283: $? = 0
configure:3304: result: o
configure:3308: checking whether we are using the GNU C compiler
configure:3327: gcc -c   conftest.c >&5
configure:3327: $? = 0
configure:3336: result: yes
configure:3345: checking whether gcc accepts -g
configure:3365: gcc -c -g  conftest.c >&5
configure:3365: $? = 0
configure:3406: result: yes
configure:3423: checking for gcc option to accept ISO C89
configure:3486: gcc  -c -g -O2  conftest.c >&5
configure:3486: $? = 0
configure:3499: result: none needed
configure:3530: checking for style of include used by make
configure:3558: result: GNU
configure:3584: checking dependency style of gcc
configure:3695: result: gcc3
configure:3747: checking build system type
configure:3761: result: i686-pc-linux-gnu
configure:3781: checking host system type
configure:3794: result: i686-pc-linux-gnu
configure:3835: checking how to print strings
configure:3862: result: printf
configure:3883: checking for a sed that does not truncate output
configure:3947: result: /bin/sed
configure:3965: checking for grep that handles long lines and -e
configure:4023: result: /bin/grep
configure:4028: checking for egrep
configure:4090: result: /bin/grep -E
configure:4095: checking for fgrep
configure:4157: result: /bin/grep -F
configure:4192: checking for ld used by gcc
configure:4259: result: /usr/bin/ld
configure:4266: checking if the linker (/usr/bin/ld) is GNU ld
configure:4281: result: yes
configure:4293: checking for BSD- or MS-compatible name lister (nm)
configure:4342: result: /usr/bin/nm -B
configure:4472: checking the name lister (/usr/bin/nm -B) interface
configure:4479: gcc -c -g -O3  conftest.c >&5
configure:4482: /usr/bin/nm -B "conftest.o"
configure:4485: output
00000000 B some_variable
configure:4492: result: BSD nm
configure:4495: checking whether ln -s works
configure:4499: result: yes
configure:4507: checking the maximum length of command line arguments
configure:4637: result: 1572864
configure:4654: checking whether the shell understands some XSI constructs
configure:4664: result: yes
configure:4668: checking whether the shell understands "+="
configure:4674: result: yes
configure:4709: checking how to convert i686-pc-linux-gnu file names to i686-pc-linux-gnu format
configure:4749: result: func_convert_file_noop
configure:4756: checking how to convert i686-pc-linux-gnu file names to toolchain format
configure:4776: result: func_convert_file_noop
configure:4783: checking for /usr/bin/ld option to reload object files
configure:4790: result: -r
configure:4864: checking for objdump
configure:4880: found /usr/bin/objdump
configure:4891: result: objdump
configure:4923: checking how to recognize dependent libraries
configure:5121: result: pass_all
configure:5206: checking for dlltool
configure:5236: result: no
configure:5266: checking how to associate runtime and link libraries
configure:5293: result: printf %s\n
configure:5354: checking for ar
configure:5370: found /usr/bin/ar
configure:5381: result: ar
configure:5418: checking for archiver @FILE support
configure:5435: gcc -c -g -O3  conftest.c >&5
configure:5435: $? = 0
configure:5438: ar cru libconftest.a @conftest.lst >&5
configure:5441: $? = 0
configure:5446: ar cru libconftest.a @conftest.lst >&5
ar: conftest.o: No such file or directory
configure:5449: $? = 1
configure:5461: result: @
configure:5519: checking for strip
configure:5535: found /usr/bin/strip
configure:5546: result: strip
configure:5618: checking for ranlib
configure:5634: found /usr/bin/ranlib
configure:5645: result: ranlib
configure:5747: checking command to parse /usr/bin/nm -B output from gcc object
configure:5867: gcc -c -g -O3  conftest.c >&5
configure:5870: $? = 0
configure:5874: /usr/bin/nm -B conftest.o \| sed -n -e 's/^.*[ ]\([ABCDGIRSTW][ABCDGIRSTW]*\)[ ][ ]*\([_A-Za-z][_A-Za-z0-9]*\)$/\1 \2 \2/p' | sed '/ __gnu_lto/d' \> conftest.nm
configure:5877: $? = 0
configure:5943: gcc -o conftest -g -O3   conftest.c conftstm.o >&5
configure:5946: $? = 0
configure:5984: result: ok
configure:6021: checking for sysroot
configure:6051: result: no
configure:6307: checking for mt
configure:6323: found /bin/mt
configure:6334: result: mt
configure:6357: checking if mt is a manifest tool
configure:6363: mt '-?'
configure:6371: result: no
configure:7013: checking how to run the C preprocessor
configure:7044: gcc -E  conftest.c
configure:7044: $? = 0
configure:7058: gcc -E  conftest.c
conftest.c:11:28: fatal error: ac_nonexistent.h: No such file or directory
compilation terminated.
configure:7058: $? = 1
configure: failed program was:
| /* confdefs.h */
| #define PACKAGE_NAME ""
| #define PACKAGE_TARNAME ""
| #define PACKAGE_VERSION ""
| #define PACKAGE_STRING ""
| #define PACKAGE_BUGREPORT ""
| #define PACKAGE_URL ""
| #define PACKAGE "libev"
| #define VERSION "4.15"
| /* end confdefs.h.  */
| #include <ac_nonexistent.h>
configure:7083: result: gcc -E
configure:7103: gcc -E  conftest.c
configure:7103: $? = 0
configure:7117: gcc -E  conftest.c
conftest.c:11:28: fatal error: ac_nonexistent.h: No such file or directory
compilation terminated.
configure:7117: $? = 1
configure: failed program was:
| /* confdefs.h */
| #define PACKAGE_NAME ""
| #define PACKAGE_TARNAME ""
| #define PACKAGE_VERSION ""
| #define PACKAGE_STRING ""
| #define PACKAGE_BUGREPORT ""
| #define PACKAGE_URL ""
| #define PACKAGE "libev"
| #define VERSION "4.15"
| /* end confdefs.h.  */
| #include <ac_nonexistent.h>
configure:7146: checking for ANSI C header files
configure:7166: gcc -c -g -O3  conftest.c >&5
configure:7166: $? = 0
configure:7239: gcc -o conftest -g -O3   conftest.c  >&5
configure:7239: $? = 0
configure:7239: ./conftest
configure:7239: $? = 0
configure:7250: result: yes
configure:7263: checking for sys/types.h
configure:7263: gcc -c -g -O3  conftest.c >&5
configure:7263: $? = 0
configure:7263: result: yes
configure:7263: checking for sys/stat.h
configure:7263: gcc -c -g -O3  conftest.c >&5
configure:7263: $? = 0
configure:7263: result: yes
configure:7263: checking for stdlib.h
configure:7263: gcc -c -g -O3  conftest.c >&5
configure:7263: $? = 0
configure:7263: result: yes
configure:7263: checking for string.h
configure:7263: gcc -c -g -O3  conftest.c >&5
configure:7263: $? = 0
configure:7263: result: yes
configure:7263: checking for memory.h
configure:7263: gcc -c -g -O3  conftest.c >&5
configure:7263: $? = 0
configure:7263: result: yes
configure:7263: checking for strings.h
configure:7263: gcc -c -g -O3  conftest.c >&5
configure:7263: $? = 0
configure:7263: result: yes
configure:7263: checking for inttypes.h
configure:7263: gcc -c -g -O3  conftest.c >&5
configure:7263: $? = 0
configure:7263: result: yes
configure:7263: checking for stdint.h
configure:7263: gcc -c -g -O3  conftest.c >&5
configure:7263: $? = 0
configure:7263: result: yes
configure:7263: checking for unistd.h
configure:7263: gcc -c -g -O3  conftest.c >&5
configure:7263: $? = 0
configure:7263: result: yes
configure:7277: checking for dlfcn.h
configure:7277: gcc -c -g -O3  conftest.c >&5
configure:7277: $? = 0
configure:7277: result: yes
configure:7483: checking for objdir
configure:7498: result: .libs
configure:7765: checking if gcc supports -fno-rtti -fno-exceptions
configure:7783: gcc -c -g -O3  -fno-rtti -fno-exceptions conftest.c >&5
cc1: warning: command line option '-fno-rtti' is valid for C++/ObjC++ but not for C [enabled by default]
configure:7787: $? = 0
configure:7800: result: no
configure:8127: checking for gcc option to produce PIC
configure:8134: result: -fPIC -DPIC
configure:8142: checking if gcc PIC flag -fPIC -DPIC works
configure:8160: gcc -c -g -O3  -fPIC -DPIC -DPIC conftest.c >&5
configure:8164: $? = 0
configure:8177: result: yes
configure:8206: checking if gcc static flag -static works
configure:8234: result: yes
configure:8249: checking if gcc supports -c -o file.o
configure:8270: gcc -c -g -O3  -o out/conftest2.o conftest.c >&5
configure:8274: $? = 0
configure:8296: result: yes
configure:8304: checking if gcc supports -c -o file.o
configure:8351: result: yes
configure:8384: checking whether the gcc linker (/usr/bin/ld) supports shared libraries
configure:9541: result: yes
configure:9578: checking whether -lc should be explicitly linked in
configure:9586: gcc -c -g -O3  conftest.c >&5
configure:9589: $? = 0
configure:9604: gcc -shared  -fPIC -DPIC conftest.o  -v -Wl,-soname -Wl,conftest -o conftest 2\>\&1 \| /bin/grep  -lc  \>/dev/null 2\>\&1
configure:9607: $? = 0
configure:9621: result: no
configure:9781: checking dynamic linker characteristics
configure:10281: gcc -o conftest -g -O3   -Wl,-rpath -Wl,/foo conftest.c  >&5
configure:10281: $? = 0
configure:10515: result: GNU/Linux ld.so
configure:10622: checking how to hardcode library paths into programs
configure:10647: result: immediate
configure:11187: checking whether stripping libraries is possible
configure:11192: result: yes
configure:11227: checking if libtool supports shared libraries
configure:11229: result: yes
configure:11232: checking whether to build shared libraries
configure:11253: result: yes
configure:11256: checking whether to build static libraries
configure:11260: result: yes
configure:11302: checking sys/inotify.h usability
configure:11302: gcc -c -g -O3  conftest.c >&5
configure:11302: $? = 0
configure:11302: result: yes
configure:11302: checking sys/inotify.h presence
configure:11302: gcc -E  conftest.c
configure:11302: $? = 0
configure:11302: result: yes
configure:11302: checking for sys/inotify.h
configure:11302: result: yes
configure:11302: checking sys/epoll.h usability
configure:11302: gcc -c -g -O3  conftest.c >&5
configure:11302: $? = 0
configure:11302: result: yes
configure:11302: checking sys/epoll.h presence
configure:11302: gcc -E  conftest.c
configure:11302: $? = 0
configure:11302: result: yes
configure:11302: checking for sys/epoll.h
configure:11302: result: yes
configure:11302: checking sys/event.h usability
configure:11302: gcc -c -g -O3  conftest.c >&5
conftest.c:58:23: fatal error: sys/event.h: No such file or directory
compilation terminated.
configure:11302: $? = 1
configure: failed program was:
| /* confdefs.h */
| #define PACKAGE_NAME ""
| #define PACKAGE_TARNAME ""
| #define PACKAGE_VERSION ""
| #define PACKAGE_STRING ""
| #define PACKAGE_BUGREPORT ""
| #define PACKAGE_URL ""
| #define PACKAGE "libev"
| #define VERSION "4.15"
| #define STDC_HEADERS 1
| #define HAVE_SYS_TYPES_H 1
| #define HAVE_SYS_STAT_H 1
| #define HAVE_STDLIB_H 1
| #define HAVE_STRING_H 1
| #define HAVE_MEMORY_H 1
| #define HAVE_STRINGS_H 1
| #define HAVE_INTTYPES_H 1
| #define HAVE_STDINT_H 1
| #define HAVE_UNISTD_H 1
| #define HAVE_DLFCN_H 1
| #define LT_OBJDIR ".libs/"
| #define HAVE_SYS_INOTIFY_H 1
| #define HAVE_SYS_EPOLL_H 1
| /* end confdefs.h.  */
| #include <stdio.h>
| #ifdef HAVE_SYS_TYPES_H
| # include <sys/types.h>
| #endif
| #ifdef HAVE_SYS_STAT_H
| # include <sys/stat.h>
| #endif
| #ifdef STDC_HEADERS
| # include <stdlib.h>
| # include <stddef.h>
| #else
| # ifdef HAVE_STDLIB_H
| #  include <stdlib.h>
| # endif
| #endif
| #ifdef HAVE_STRING_H
| # if !defined STDC_HEADERS && defined HAVE_MEMORY_H
| #  include <memory.h>
| # endif
| # include <string.h>
| #endif
| #ifdef HAVE_STRINGS_H
| # include <strings.h>
| #endif
| #ifdef HAVE_INTTYPES_H
| # include <inttypes.h>
| #endif
| #ifdef HAVE_STDINT_H
| # include <stdint.h>
| #endif
| #ifdef HAVE_UNISTD_H
| # include <unistd.h>
| #endif
| #include <sys/event.h>
configure:11302: result: no
configure:11302: checking sys/event.h presence
configure:11302: gcc -E  conftest.c
conftest.c:25:23: fatal error: sys/event.h: No such file or directory
compilation terminated.
configure:11302: $? = 1
configure: failed program was:
| /* confdefs.h */
| #define PACKAGE_NAME ""
| #define PACKAGE_TARNAME ""
| #define PACKAGE_VERSION ""
| #define PACKAGE_STRING ""
| #define PACKAGE_BUGREPORT ""
| #define PACKAGE_URL ""
| #define PACKAGE "libev"
| #define VERSION "4.15"
| #define STDC_HEADERS 1
| #define HAVE_SYS_TYPES_H 1
| #define HAVE_SYS_STAT_H 1
| #define HAVE_STDLIB_H 1
| #define HAVE_STRING_H 1
| #define HAVE_MEMORY_H 1
| #define HAVE_STRINGS_H 1
| #define HAVE_INTTYPES_H 1
| #define HAVE_STDINT_H 1
| #define HAVE_UNISTD_H 1
| #define HAVE_DLFCN_H 1
| #define LT_OBJDIR ".libs/"
| #define HAVE_SYS_INOTIFY_H 1
| #define HAVE_SYS_EPOLL_H 1
| /* end confdefs.h.  */
| #include <sys/event.h>
configure:11302: result: no
configure:11302: checking for sys/event.h
configure:11302: result: no
configure:11302: checking port.h usability
configure:11302: gcc -c -g -O3  conftest.c >&5
conftest.c:58:18: fatal error: port.h: No such file or directory
compilation terminated.
configure:11302: $? = 1
configure: failed program was:
| /* confdefs.h */
| #define PACKAGE_NAME ""
| #define PACKAGE_TARNAME ""
| #define PACKAGE_VERSION ""
| #define PACKAGE_STRING ""
| #define PACKAGE_BUGREPORT ""
| #define PACKAGE_URL ""
| #define PACKAGE "libev"
| #define VERSION "4.15"
| #define STDC_HEADERS 1
| #define HAVE_SYS_TYPES_H 1
| #define HAVE_SYS_STAT_H 1
| #define HAVE_STDLIB_H 1
| #define HAVE_STRING_H 1
| #define HAVE_MEMORY_H 1
| #define HAVE_STRINGS_H 1
| #define HAVE_INTTYPES_H 1
| #define HAVE_STDINT_H 1
| #define HAVE_UNISTD_H 1
| #define HAVE_DLFCN_H 1
| #define LT_OBJDIR ".libs/"
| #define HAVE_SYS_INOTIFY_H 1
| #define HAVE_SYS_EPOLL_H 1
| /* end confdefs.h.  */
| #include <stdio.h>
| #ifdef HAVE_SYS_TYPES_H
| # include <sys/types.h>
| #endif
| #ifdef HAVE_SYS_STAT_H
| # include <sys/stat.h>
| #endif
| #ifdef STDC_HEADERS
| # include <stdlib.h>
| # include <stddef.h>
| #else
| # ifdef HAVE_STDLIB_H
| #  include <stdlib.h>
| # endif
| #endif
| #ifdef HAVE_STRING_H
| # if !defined STDC_HEADERS && defined HAVE_MEMORY_H
| #  include <memory.h>
| # endif
| # include <string.h>
| #endif
| #ifdef HAVE_STRINGS_H
| # include <strings.h>
| #endif
| #ifdef HAVE_INTTYPES_H
| # include <inttypes.h>
| #endif
| #ifdef HAVE_STDINT_H
| # include <stdint.h>
| #endif
| #ifdef HAVE_UNISTD_H
| # include <unistd.h>
| #endif
| #include <port.h>
configure:11302: result: no
configure:11302: checking port.h presence
configure:11302: gcc -E  conftest.c
conftest.c:25:18: fatal error: port.h: No such file or directory
compilation terminated.
configure:11302: $? = 1
configure: failed program was:
| /* confdefs.h */
| #define PACKAGE_NAME ""
| #define PACKAGE_TARNAME ""
| #define PACKAGE_VERSION ""
| #define PACKAGE_STRING ""
| #define PACKAGE_BUGREPORT ""
| #define PACKAGE_URL ""
| #define PACKAGE "libev"
| #define VERSION "4.15"
| #define STDC_HEADERS 1
| #define HAVE_SYS_TYPES_H 1
| #define HAVE_SYS_STAT_H 1
| #define HAVE_STDLIB_H 1
| #define HAVE_STRING_H 1
| #define HAVE_MEMORY_H 1
| #define HAVE_STRINGS_H 1
| #define HAVE_INTTYPES_H 1
| #define HAVE_STDINT_H 1
| #define HAVE_UNISTD_H 1
| #define HAVE_DLFCN_H 1
| #define LT_OBJDIR ".libs/"
| #define HAVE_SYS_INOTIFY_H 1
| #define HAVE_SYS_EPOLL_H 1
| /* end confdefs.h.  */
| #include <port.h>
configure:11302: result: no
configure:11302: checking for port.h
configure:11302: result: no
configure:11302: checking poll.h usability
configure:11302: gcc -c -g -O3  conftest.c >&5
configure:11302: $? = 0
configure:11302: result: yes
configure:11302: checking poll.h presence
configure:11302: gcc -E  conftest.c
configure:11302: $? = 0
configure:11302: result: yes
configure:11302: checking for poll.h
configure:11302: result: yes
configure:11302: checking sys/select.h usability
configure:11302: gcc -c -g -O3  conftest.c >&5
configure:11302: $? = 0
configure:11302: result: yes
configure:11302: checking sys/select.h presence
configure:11302: gcc -E  conftest.c
configure:11302: $? = 0
configure:11302: result: yes
configure:11302: checking for sys/select.h
configure:11302: result: yes
configure:11302: checking sys/eventfd.h usability
configure:11302: gcc -c -g -O3  conftest.c >&5
configure:11302: $? = 0
configure:11302: result: yes
configure:11302: checking sys/eventfd.h presence
configure:11302: gcc -E  conftest.c
configure:11302: $? = 0
configure:11302: result: yes
configure:11302: checking for sys/eventfd.h
configure:11302: result: yes
configure:11302: checking sys/signalfd.h usability
configure:11302: gcc -c -g -O3  conftest.c >&5
configure:11302: $? = 0
configure:11302: result: yes
configure:11302: checking sys/signalfd.h presence
configure:11302: gcc -E  conftest.c
configure:11302: $? = 0
configure:11302: result: yes
configure:11302: checking for sys/signalfd.h
configure:11302: result: yes
configure:11316: checking for inotify_init
configure:11316: gcc -o conftest -g -O3   conftest.c  >&5
configure:11316: $? = 0
configure:11316: result: yes
configure:11316: checking for epoll_ctl
configure:11316: gcc -o conftest -g -O3   conftest.c  >&5
configure:11316: $? = 0
configure:11316: result: yes
configure:11316: checking for kqueue
configure:11316: gcc -o conftest -g -O3   conftest.c  >&5
/tmp/ccqNAgum.o: In function `main':
/home/gmi/pkg/libev-4.15/conftest.c:65: undefined reference to `kqueue'
collect2: ld returned 1 exit status
configure:11316: $? = 1
configure: failed program was:
| /* confdefs.h */
| #define PACKAGE_NAME ""
| #define PACKAGE_TARNAME ""
| #define PACKAGE_VERSION ""
| #define PACKAGE_STRING ""
| #define PACKAGE_BUGREPORT ""
| #define PACKAGE_URL ""
| #define PACKAGE "libev"
| #define VERSION "4.15"
| #define STDC_HEADERS 1
| #define HAVE_SYS_TYPES_H 1
| #define HAVE_SYS_STAT_H 1
| #define HAVE_STDLIB_H 1
| #define HAVE_STRING_H 1
| #define HAVE_MEMORY_H 1
| #define HAVE_STRINGS_H 1
| #define HAVE_INTTYPES_H 1
| #define HAVE_STDINT_H 1
| #define HAVE_UNISTD_H 1
| #define HAVE_DLFCN_H 1
| #define LT_OBJDIR ".libs/"
| #define HAVE_SYS_INOTIFY_H 1
| #define HAVE_SYS_EPOLL_H 1
| #define HAVE_POLL_H 1
| #define HAVE_SYS_SELECT_H 1
| #define HAVE_SYS_EVENTFD_H 1
| #define HAVE_SYS_SIGNALFD_H 1
| #define HAVE_INOTIFY_INIT 1
| #define HAVE_EPOLL_CTL 1
| /* end confdefs.h.  */
| /* Define kqueue to an innocuous variant, in case <limits.h> declares kqueue.
|    For example, HP-UX 11i <limits.h> declares gettimeofday.  */
| #define kqueue innocuous_kqueue
| 
| /* System header to define __stub macros and hopefully few prototypes,
|     which can conflict with char kqueue (); below.
|     Prefer <limits.h> to <assert.h> if __STDC__ is defined, since
|     <limits.h> exists even on freestanding compilers.  */
| 
| #ifdef __STDC__
| # include <limits.h>
| #else
| # include <assert.h>
| #endif
| 
| #undef kqueue
| 
| /* Override any GCC internal prototype to avoid an error.
|    Use char because int might match the return type of a GCC
|    builtin and then its argument prototype would still apply.  */
| #ifdef __cplusplus
| extern "C"
| #endif
| char kqueue ();
| /* The GNU C library defines this for functions which it implements
|     to always fail with ENOSYS.  Some functions are actually named
|     something starting with __ and the normal name is an alias.  */
| #if defined __stub_kqueue || defined __stub___kqueue
| choke me
| #endif
| 
| int
| main ()
| {
| return kqueue ();
|   ;
|   return 0;
| }
configure:11316: result: no
configure:11316: checking for port_create
configure:11316: gcc -o conftest -g -O3   conftest.c  >&5
/tmp/ccCQVCFs.o: In function `main':
/home/gmi/pkg/libev-4.15/conftest.c:65: undefined reference to `port_create'
collect2: ld returned 1 exit status
configure:11316: $? = 1
configure: failed program was:
| /* confdefs.h */
| #define PACKAGE_NAME ""
| #define PACKAGE_TARNAME ""
| #define PACKAGE_VERSION ""
| #define PACKAGE_STRING ""
| #define PACKAGE_BUGREPORT ""
| #define PACKAGE_URL ""
| #define PACKAGE "libev"
| #define VERSION "4.15"
| #define STDC_HEADERS 1
| #define HAVE_SYS_TYPES_H 1
| #define HAVE_SYS_STAT_H 1
| #define HAVE_STDLIB_H 1
| #define HAVE_STRING_H 1
| #define HAVE_MEMORY_H 1
| #define HAVE_STRINGS_H 1
| #define HAVE_INTTYPES_H 1
| #define HAVE_STDINT_H 1
| #define HAVE_UNISTD_H 1
| #define HAVE_DLFCN_H 1
| #define LT_OBJDIR ".libs/"
| #define HAVE_SYS_INOTIFY_H 1
| #define HAVE_SYS_EPOLL_H 1
| #define HAVE_POLL_H 1
| #define HAVE_SYS_SELECT_H 1
| #define HAVE_SYS_EVENTFD_H 1
| #define HAVE_SYS_SIGNALFD_H 1
| #define HAVE_INOTIFY_INIT 1
| #define HAVE_EPOLL_CTL 1
| /* end confdefs.h.  */
| /* Define port_create to an innocuous variant, in case <limits.h> declares port_create.
|    For example, HP-UX 11i <limits.h> declares gettimeofday.  */
| #define port_create innocuous_port_create
| 
| /* System header to define __stub macros and hopefully few prototypes,
|     which can conflict with char port_create (); below.
|     Prefer <limits.h> to <assert.h> if __STDC__ is defined, since
|     <limits.h> exists even on freestanding compilers.  */
| 
| #ifdef __STDC__
| # include <limits.h>
| #else
| # include <assert.h>
| #endif
| 
| #undef port_create
| 
| /* Override any GCC internal prototype to avoid an error.
|    Use char because int might match the return type of a GCC
|    builtin and then its argument prototype would still apply.  */
| #ifdef __cplusplus
| extern "C"
| #endif
| char port_create ();
| /* The GNU C library defines this for functions which it implements
|     to always fail with ENOSYS.  Some functions are actually named
|     something starting with __ and the normal name is an alias.  */
| #if defined __stub_port_create || defined __stub___port_create
| choke me
| #endif
| 
| int
| main ()
| {
| return port_create ();
|   ;
|   return 0;
| }
configure:11316: result: no
configure:11316: checking for poll
configure:11316: gcc -o conftest -g -O3   conftest.c  >&5
configure:11316: $? = 0
configure:11316: result: yes
configure:11316: checking for select
configure:11316: gcc -o conftest -g -O3   conftest.c  >&5
configure:11316: $? = 0
configure:11316: result: yes
configure:11316: checking for eventfd
configure:11316: gcc -o conftest -g -O3   conftest.c  >&5
configure:11316: $? = 0
configure:11316: result: yes
configure:11316: checking for signalfd
configure:11316: gcc -o conftest -g -O3   conftest.c  >&5
configure:11316: $? = 0
configure:11316: result: yes
configure:11328: checking for clock_gettime
configure:11328: gcc -o conftest -g -O3   conftest.c  >&5
/tmp/ccMe5wCK.o: In function `main':
/home/gmi/pkg/libev-4.15/conftest.c:69: undefined reference to `clock_gettime'
collect2: ld returned 1 exit status
configure:11328: $? = 1
configure: failed program was:
| /* confdefs.h */
| #define PACKAGE_NAME ""
| #define PACKAGE_TARNAME ""
| #define PACKAGE_VERSION ""
| #define PACKAGE_STRING ""
| #define PACKAGE_BUGREPORT ""
| #define PACKAGE_URL ""
| #define PACKAGE "libev"
| #define VERSION "4.15"
| #define STDC_HEADERS 1
| #define HAVE_SYS_TYPES_H 1
| #define HAVE_SYS_STAT_H 1
| #define HAVE_STDLIB_H 1
| #define HAVE_STRING_H 1
| #define HAVE_MEMORY_H 1
| #define HAVE_STRINGS_H 1
| #define HAVE_INTTYPES_H 1
| #define HAVE_STDINT_H 1
| #define HAVE_UNISTD_H 1
| #define HAVE_DLFCN_H 1
| #define LT_OBJDIR ".libs/"
| #define HAVE_SYS_INOTIFY_H 1
| #define HAVE_SYS_EPOLL_H 1
| #define HAVE_POLL_H 1
| #define HAVE_SYS_SELECT_H 1
| #define HAVE_SYS_EVENTFD_H 1
| #define HAVE_SYS_SIGNALFD_H 1
| #define HAVE_INOTIFY_INIT 1
| #define HAVE_EPOLL_CTL 1
| #define HAVE_POLL 1
| #define HAVE_SELECT 1
| #define HAVE_EVENTFD 1
| #define HAVE_SIGNALFD 1
| /* end confdefs.h.  */
| /* Define clock_gettime to an innocuous variant, in case <limits.h> declares clock_gettime.
|    For example, HP-UX 11i <limits.h> declares gettimeofday.  */
| #define clock_gettime innocuous_clock_gettime
| 
| /* System header to define __stub macros and hopefully few prototypes,
|     which can conflict with char clock_gettime (); below.
|     Prefer <limits.h> to <assert.h> if __STDC__ is defined, since
|     <limits.h> exists even on freestanding compilers.  */
| 
| #ifdef __STDC__
| # include <limits.h>
| #else
| # include <assert.h>
| #endif
| 
| #undef clock_gettime
| 
| /* Override any GCC internal prototype to avoid an error.
|    Use char because int might match the return type of a GCC
|    builtin and then its argument prototype would still apply.  */
| #ifdef __cplusplus
| extern "C"
| #endif
| char clock_gettime ();
| /* The GNU C library defines this for functions which it implements
|     to always fail with ENOSYS.  Some functions are actually named
|     something starting with __ and the normal name is an alias.  */
| #if defined __stub_clock_gettime || defined __stub___clock_gettime
| choke me
| #endif
| 
| int
| main ()
| {
| return clock_gettime ();
|   ;
|   return 0;
| }
configure:11328: result: no
configure:11337: checking for clock_gettime syscall
configure:11352: gcc -o conftest -g -O3   conftest.c  >&5
configure:11352: $? = 0
configure:11357: result: yes
configure:11432: checking for nanosleep
configure:11432: gcc -o conftest -g -O3   conftest.c  >&5
configure:11432: $? = 0
configure:11432: result: yes
configure:11507: checking for library containing floor
configure:11538: gcc -o conftest -g -O3   conftest.c  >&5
conftest.c:44:6: warning: conflicting types for built-in function 'floor' [enabled by default]
/tmp/ccPjLVFc.o: In function `main':
/home/gmi/pkg/libev-4.15/conftest.c:48: undefined reference to `floor'
collect2: ld returned 1 exit status
configure:11538: $? = 1
configure: failed program was:
| /* confdefs.h */
| #define PACKAGE_NAME ""
| #define PACKAGE_TARNAME ""
| #define PACKAGE_VERSION ""
| #define PACKAGE_STRING ""
| #define PACKAGE_BUGREPORT ""
| #define PACKAGE_URL ""
| #define PACKAGE "libev"
| #define VERSION "4.15"
| #define STDC_HEADERS 1
| #define HAVE_SYS_TYPES_H 1
| #define HAVE_SYS_STAT_H 1
| #define HAVE_STDLIB_H 1
| #define HAVE_STRING_H 1
| #define HAVE_MEMORY_H 1
| #define HAVE_STRINGS_H 1
| #define HAVE_INTTYPES_H 1
| #define HAVE_STDINT_H 1
| #define HAVE_UNISTD_H 1
| #define HAVE_DLFCN_H 1
| #define LT_OBJDIR ".libs/"
| #define HAVE_SYS_INOTIFY_H 1
| #define HAVE_SYS_EPOLL_H 1
| #define HAVE_POLL_H 1
| #define HAVE_SYS_SELECT_H 1
| #define HAVE_SYS_EVENTFD_H 1
| #define HAVE_SYS_SIGNALFD_H 1
| #define HAVE_INOTIFY_INIT 1
| #define HAVE_EPOLL_CTL 1
| #define HAVE_POLL 1
| #define HAVE_SELECT 1
| #define HAVE_EVENTFD 1
| #define HAVE_SIGNALFD 1
| #define HAVE_CLOCK_SYSCALL 1
| #define HAVE_NANOSLEEP 1
| /* end confdefs.h.  */
| 
| /* Override any GCC internal prototype to avoid an error.
|    Use char because int might match the return type of a GCC
|    builtin and then its argument prototype would still apply.  */
| #ifdef __cplusplus
| extern "C"
| #endif
| char floor ();
| int
| main ()
| {
| return floor ();
|   ;
|   return 0;
| }
configure:11538: gcc -o conftest -g -O3   conftest.c -lm   >&5
conftest.c:44:6: warning: conflicting types for built-in function 'floor' [enabled by default]
configure:11538: $? = 0
configure:11555: result: -lm
configure:11704: creating ./config.status

## ---------------------- ##
## Running config.status. ##
## ---------------------- ##

This file was extended by config.status, which was
generated by GNU Autoconf 2.69.  Invocation command line was

  CONFIG_FILES    = 
  CONFIG_HEADERS  = 
  CONFIG_LINKS    = 
  CONFIG_COMMANDS = 
  $ ./config.status 

on gmi-virtual-machine

config.status:1094: creating Makefile
config.status:1094: creating config.h
config.status:1275: config.h is unchanged
config.status:1323: executing depfiles commands
config.status:1323: executing libtool commands

## ---------------- ##
## Cache variables. ##
## ---------------- ##

ac_cv_build=i686-pc-linux-gnu
ac_cv_c_compiler_gnu=yes
ac_cv_env_CC_set=
ac_cv_env_CC_value=
ac_cv_env_CFLAGS_set=
ac_cv_env_CFLAGS_value=
ac_cv_env_CPPFLAGS_set=
ac_cv_env_CPPFLAGS_value=
ac_cv_env_CPP_set=
ac_cv_env_CPP_value=
ac_cv_env_LDFLAGS_set=
ac_cv_env_LDFLAGS_value=
ac_cv_env_LIBS_set=
ac_cv_env_LIBS_value=
ac_cv_env_build_alias_set=
ac_cv_env_build_alias_value=
ac_cv_env_host_alias_set=
ac_cv_env_host_alias_value=
ac_cv_env_target_alias_set=
ac_cv_env_target_alias_value=
ac_cv_func_clock_gettime=no
ac_cv_func_epoll_ctl=yes
ac_cv_func_eventfd=yes
ac_cv_func_inotify_init=yes
ac_cv_func_kqueue=no
ac_cv_func_nanosleep=yes
ac_cv_func_poll=yes
ac_cv_func_port_create=no
ac_cv_func_select=yes
ac_cv_func_signalfd=yes
ac_cv_header_dlfcn_h=yes
ac_cv_header_inttypes_h=yes
ac_cv_header_memory_h=yes
ac_cv_header_poll_h=yes
ac_cv_header_port_h=no
ac_cv_header_stdc=yes
ac_cv_header_stdint_h=yes
ac_cv_header_stdlib_h=yes
ac_cv_header_string_h=yes
ac_cv_header_strings_h=yes
ac_cv_header_sys_epoll_h=yes
ac_cv_header_sys_event_h=no
ac_cv_header_sys_eventfd_h=yes
ac_cv_header_sys_inotify_h=yes
ac_cv_header_sys_select_h=yes
ac_cv_header_sys_signalfd_h=yes
ac_cv_header_sys_stat_h=yes
ac_cv_header_sys_types_h=yes
ac_cv_header_unistd_h=yes
ac_cv_host=i686-pc-linux-gnu
ac_cv_objext=o
ac_cv_path_EGREP='/bin/grep -E'
ac_cv_path_FGREP='/bin/grep -F'
ac_cv_path_GREP=/bin/grep
ac_cv_path_SED=/bin/sed
ac_cv_path_install='/usr/bin/install -c'
ac_cv_path_mkdir=/bin/mkdir
ac_cv_prog_AWK=gawk
ac_cv_prog_CPP='gcc -E'
ac_cv_prog_ac_ct_AR=ar
ac_cv_prog_ac_ct_CC=gcc
ac_cv_prog_ac_ct_MANIFEST_TOOL=mt
ac_cv_prog_ac_ct_OBJDUMP=objdump
ac_cv_prog_ac_ct_RANLIB=ranlib
ac_cv_prog_ac_ct_STRIP=strip
ac_cv_prog_cc_c89=
ac_cv_prog_cc_g=yes
ac_cv_prog_make_make_set=yes
ac_cv_search_floor=-lm
am_cv_CC_dependencies_compiler_type=gcc3
lt_cv_ar_at_file=@
lt_cv_archive_cmds_need_lc=no
lt_cv_deplibs_check_method=pass_all
lt_cv_file_magic_cmd='$MAGIC_CMD'
lt_cv_file_magic_test_file=
lt_cv_ld_reload_flag=-r
lt_cv_nm_interface='BSD nm'
lt_cv_objdir=.libs
lt_cv_path_LD=/usr/bin/ld
lt_cv_path_NM='/usr/bin/nm -B'
lt_cv_path_mainfest_tool=no
lt_cv_prog_compiler_c_o=yes
lt_cv_prog_compiler_pic='-fPIC -DPIC'
lt_cv_prog_compiler_pic_works=yes
lt_cv_prog_compiler_rtti_exceptions=no
lt_cv_prog_compiler_static_works=yes
lt_cv_prog_gnu_ld=yes
lt_cv_sharedlib_from_linklib_cmd='printf %s\n'
lt_cv_shlibpath_overrides_runpath=no
lt_cv_sys_global_symbol_pipe='sed -n -e '\''s/^.*[	 ]\([ABCDGIRSTW][ABCDGIRSTW]*\)[	 ][	 ]*\([_A-Za-z][_A-Za-z0-9]*\)$/\1 \2 \2/p'\'' | sed '\''/ __gnu_lto/d'\'''
lt_cv_sys_global_symbol_to_c_name_address='sed -n -e '\''s/^: \([^ ]*\)[ ]*$/  {\"\1\", (void *) 0},/p'\'' -e '\''s/^[ABCDGIRSTW]* \([^ ]*\) \([^ ]*\)$/  {"\2", (void *) \&\2},/p'\'''
lt_cv_sys_global_symbol_to_c_name_address_lib_prefix='sed -n -e '\''s/^: \([^ ]*\)[ ]*$/  {\"\1\", (void *) 0},/p'\'' -e '\''s/^[ABCDGIRSTW]* \([^ ]*\) \(lib[^ ]*\)$/  {"\2", (void *) \&\2},/p'\'' -e '\''s/^[ABCDGIRSTW]* \([^ ]*\) \([^ ]*\)$/  {"lib\2", (void *) \&\2},/p'\'''
lt_cv_sys_global_symbol_to_cdecl='sed -n -e '\''s/^T .* \(.*\)$/extern int \1();/p'\'' -e '\''s/^[ABCDGIRSTW]* .* \(.*\)$/extern char \1;/p'\'''
lt_cv_sys_max_cmd_len=1572864
lt_cv_to_host_file_cmd=func_convert_file_noop
lt_cv_to_tool_file_cmd=func_convert_file_noop

## ----------------- ##
## Output variables. ##
## ----------------- ##

ACLOCAL='${SHELL} /home/gmi/pkg/libev-4.15/missing --run aclocal-1.11'
AMDEPBACKSLASH='\'
AMDEP_FALSE='#'
AMDEP_TRUE=''
AMTAR='$${TAR-tar}'
AR='ar'
AUTOCONF='${SHELL} /home/gmi/pkg/libev-4.15/missing --run autoconf'
AUTOHEADER='${SHELL} /home/gmi/pkg/libev-4.15/missing --run autoheader'
AUTOMAKE='${SHELL} /home/gmi/pkg/libev-4.15/missing --run automake-1.11'
AWK='gawk'
CC='gcc'
CCDEPMODE='depmode=gcc3'
CFLAGS='-g -O3'
CPP='gcc -E'
CPPFLAGS=''
CYGPATH_W='echo'
DEFS='-DHAVE_CONFIG_H'
DEPDIR='.deps'
DLLTOOL='false'
DSYMUTIL=''
DUMPBIN=''
ECHO_C=''
ECHO_N='-n'
ECHO_T=''
EGREP='/bin/grep -E'
EXEEXT=''
FGREP='/bin/grep -F'
GREP='/bin/grep'
INSTALL_DATA='${INSTALL} -m 644'
INSTALL_PROGRAM='${INSTALL}'
INSTALL_SCRIPT='${INSTALL}'
INSTALL_STRIP_PROGRAM='$(install_sh) -c -s'
LD='/usr/bin/ld'
LDFLAGS=''
LIBOBJS=''
LIBS='-lm '
LIBTOOL='$(SHELL) $(top_builddir)/libtool'
LIPO=''
LN_S='ln -s'
LTLIBOBJS=''
MAINT='#'
MAINTAINER_MODE_FALSE=''
MAINTAINER_MODE_TRUE='#'
MAKEINFO='${SHELL} /home/gmi/pkg/libev-4.15/missing --run makeinfo'
MANIFEST_TOOL=':'
MKDIR_P='/bin/mkdir -p'
NM='/usr/bin/nm -B'
NMEDIT=''
OBJDUMP='objdump'
OBJEXT='o'
OTOOL64=''
OTOOL=''
PACKAGE='libev'
PACKAGE_BUGREPORT=''
PACKAGE_NAME=''
PACKAGE_STRING=''
PACKAGE_TARNAME=''
PACKAGE_URL=''
PACKAGE_VERSION=''
PATH_SEPARATOR=':'
RANLIB='ranlib'
SED='/bin/sed'
SET_MAKE=''
SHELL='/bin/sh'
STRIP='strip'
VERSION='4.15'
ac_ct_AR='ar'
ac_ct_CC='gcc'
ac_ct_DUMPBIN=''
am__EXEEXT_FALSE=''
am__EXEEXT_TRUE='#'
am__fastdepCC_FALSE='#'
am__fastdepCC_TRUE=''
am__include='include'
am__isrc=''
am__leading_dot='.'
am__nodep='_no'
am__quote=''
am__tar='$${TAR-tar} chof - "$$tardir"'
am__untar='$${TAR-tar} xf -'
bindir='${exec_prefix}/bin'
build='i686-pc-linux-gnu'
build_alias=''
build_cpu='i686'
build_os='linux-gnu'
build_vendor='pc'
datadir='${datarootdir}'
datarootdir='${prefix}/share'
docdir='${datarootdir}/doc/${PACKAGE}'
dvidir='${docdir}'
exec_prefix='${prefix}'
host='i686-pc-linux-gnu'
host_alias=''
host_cpu='i686'
host_os='linux-gnu'
host_vendor='pc'
htmldir='${docdir}'
includedir='${prefix}/include'
infodir='${datarootdir}/info'
install_sh='${SHELL} /home/gmi/pkg/libev-4.15/install-sh'
libdir='${exec_prefix}/lib'
libexecdir='${exec_prefix}/libexec'
localedir='${datarootdir}/locale'
localstatedir='${prefix}/var'
mandir='${datarootdir}/man'
mkdir_p='/bin/mkdir -p'
oldincludedir='/usr/include'
pdfdir='${docdir}'
prefix='/usr/local'
program_transform_name='s,x,x,'
psdir='${docdir}'
sbindir='${exec_prefix}/sbin'
sharedstatedir='${prefix}/com'
sysconfdir='${prefix}/etc'
target_alias=''

## ----------- ##
## confdefs.h. ##
## ----------- ##

/* confdefs.h */
#define PACKAGE_NAME ""
#define PACKAGE_TARNAME ""
#define PACKAGE_VERSION ""
#define PACKAGE_STRING ""
#define PACKAGE_BUGREPORT ""
#define PACKAGE_URL ""
#define PACKAGE "libev"
#define VERSION "4.15"
#define STDC_HEADERS 1
#define HAVE_SYS_TYPES_H 1
#define HAVE_SYS_STAT_H 1
#define HAVE_STDLIB_H 1
#define HAVE_STRING_H 1
#define HAVE_MEMORY_H 1
#define HAVE_STRINGS_H 1
#define HAVE_INTTYPES_H 1
#define HAVE_STDINT_H 1
#define HAVE_UNISTD_H 1
#define HAVE_DLFCN_H 1
#define LT_OBJDIR ".libs/"
#define HAVE_SYS_INOTIFY_H 1
#define HAVE_SYS_EPOLL_H 1
#define HAVE_POLL_H 1
#define HAVE_SYS_SELECT_H 1
#define HAVE_SYS_EVENTFD_H 1
#define HAVE_SYS_SIGNALFD_H 1
#define HAVE_INOTIFY_INIT 1
#define HAVE_EPOLL_CTL 1
#define HAVE_POLL 1
#define HAVE_SELECT 1
#define HAVE_EVENTFD 1
#define HAVE_SIGNALFD 1
#define HAVE_CLOCK_SYSCALL 1
#define HAVE_NANOSLEEP 1
#define HAVE_FLOOR 1

configure: exit 0
