ctrl2cap.c(75) : error C2065: 'IRP_MJ_POWER' : undeclared identifier
ctrl2cap.c(81) : error C2065: 'IRP_MJ_PNP' : undeclared identifier
ctrl2cap.c(239) : error C2065: 'DO_POWER_PAGABLE' : undeclared identifier
ctrl2cap.c(285) : error C2065: 'IRP_MN_SURPRISE_REMOVAL' : undeclared identifier
ctrl2cap.c(285) : error C2051: case expression not constant
ctrl2cap.c(299) : error C2065: 'IRP_MN_FILTER_RESOURCE_REQUIREMENTS' : undeclared identifier
ctrl2cap.c(299) : error C2051: case expression not constant
ctrl2cap.c(301) : error C2065: 'IRP_MN_QUERY_DEVICE_RELATIONS' : undeclared identifier
ctrl2cap.c(301) : error C2051: case expression not constant
ctrl2cap.c(302) : error C2065: 'IRP_MN_QUERY_INTERFACE' : undeclared identifier
ctrl2cap.c(302) : error C2051: case expression not constant
ctrl2cap.c(303) : error C2065: 'IRP_MN_QUERY_CAPABILITIES' : undeclared identifier
ctrl2cap.c(303) : error C2051: case expression not constant
ctrl2cap.c(304) : error C2065: 'IRP_MN_QUERY_DEVICE_TEXT' : undeclared identifier
ctrl2cap.c(304) : error C2051: case expression not constant
ctrl2cap.c(305) : error C2065: 'IRP_MN_QUERY_RESOURCES' : undeclared identifier
ctrl2cap.c(305) : error C2051: case expression not constant
ctrl2cap.c(306) : error C2065: 'IRP_MN_QUERY_RESOURCE_REQUIREMENTS' : undeclared identifier
ctrl2cap.c(306) : error C2051: case expression not constant
ctrl2cap.c(307) : error C2065: 'IRP_MN_READ_CONFIG' : undeclared identifier
ctrl2cap.c(307) : error C2051: case expression not constant
ctrl2cap.c(308) : error C2065: 'IRP_MN_WRITE_CONFIG' : undeclared identifier
ctrl2cap.c(308) : error C2051: case expression not constant
ctrl2cap.c(309) : error C2065: 'IRP_MN_EJECT' : undeclared identifier
ctrl2cap.c(309) : error C2051: case expression not constant
ctrl2cap.c(310) : error C2065: 'IRP_MN_SET_LOCK' : undeclared identifier
ctrl2cap.c(310) : error C2051: case expression not constant
ctrl2cap.c(311) : error C2065: 'IRP_MN_QUERY_ID' : undeclared identifier
ctrl2cap.c(311) : error C2051: case expression not constant
ctrl2cap.c(312) : error C2065: 'IRP_MN_QUERY_PNP_DEVICE_STATE' : undeclared identifier
ctrl2cap.c(312) : error C2051: case expression not constant
